cl : command line warning D9035: option 'Gm' has been deprecated and will be removed in a future release
  InitShader.cpp
  nhom6.cpp
D:\DHMT\btlDHMT\GLSLExperiment\nhom6.cpp(169,44): warning C4305: 'argument': truncation from 'double' to 'GLfloat'
D:\DHMT\btlDHMT\GLSLExperiment\nhom6.cpp(170,41): warning C4305: 'argument': truncation from 'double' to 'GLfloat'
D:\DHMT\btlDHMT\GLSLExperiment\nhom6.cpp(175,50): warning C4244: 'argument': conversion from 'double' to 'GLfloat', possible loss of data
D:\DHMT\btlDHMT\GLSLExperiment\nhom6.cpp(175,39): warning C4244: 'argument': conversion from 'double' to 'GLfloat', possible loss of data
D:\DHMT\btlDHMT\GLSLExperiment\nhom6.cpp(175,28): warning C4244: 'argument': conversion from 'double' to 'GLfloat', possible loss of data
D:\DHMT\btlDHMT\GLSLExperiment\nhom6.cpp(193,48): warning C4305: 'argument': truncation from 'double' to 'const GLfloat'
D:\DHMT\btlDHMT\GLSLExperiment\nhom6.cpp(198,51): warning C4305: 'argument': truncation from 'double' to 'const GLfloat'
D:\DHMT\btlDHMT\GLSLExperiment\nhom6.cpp(202,52): warning C4305: 'argument': truncation from 'double' to 'const GLfloat'
D:\DHMT\btlDHMT\GLSLExperiment\nhom6.cpp(208,51): warning C4305: 'argument': truncation from 'double' to 'const GLfloat'
D:\DHMT\btlDHMT\GLSLExperiment\nhom6.cpp(213,50): warning C4305: 'argument': truncation from 'double' to 'const GLfloat'
D:\DHMT\btlDHMT\GLSLExperiment\nhom6.cpp(218,55): warning C4305: 'argument': truncation from 'double' to 'const GLfloat'
D:\DHMT\btlDHMT\GLSLExperiment\nhom6.cpp(224,54): warning C4305: 'argument': truncation from 'double' to 'const GLfloat'
D:\DHMT\btlDHMT\GLSLExperiment\nhom6.cpp(233,55): warning C4305: 'argument': truncation from 'double' to 'const GLfloat'
D:\DHMT\btlDHMT\GLSLExperiment\nhom6.cpp(240,34): warning C4305: 'argument': truncation from 'double' to 'const GLfloat'
D:\DHMT\btlDHMT\GLSLExperiment\nhom6.cpp(240,58): warning C4305: 'argument': truncation from 'double' to 'const GLfloat'
D:\DHMT\btlDHMT\GLSLExperiment\nhom6.cpp(246,35): warning C4305: 'argument': truncation from 'double' to 'const GLfloat'
D:\DHMT\btlDHMT\GLSLExperiment\nhom6.cpp(246,59): warning C4305: 'argument': truncation from 'double' to 'const GLfloat'
D:\DHMT\btlDHMT\GLSLExperiment\nhom6.cpp(265,18): warning C4244: 'argument': conversion from 'int' to 'const GLfloat', possible loss of data
D:\DHMT\btlDHMT\GLSLExperiment\nhom6.cpp(265,42): warning C4305: 'argument': truncation from 'double' to 'const GLfloat'
D:\DHMT\btlDHMT\GLSLExperiment\nhom6.cpp(275,29): warning C4305: 'argument': truncation from 'double' to 'const GLfloat'
D:\DHMT\btlDHMT\GLSLExperiment\nhom6.cpp(275,53): warning C4305: 'argument': truncation from 'double' to 'const GLfloat'
D:\DHMT\btlDHMT\GLSLExperiment\nhom6.cpp(281,29): warning C4305: 'argument': truncation from 'double' to 'const GLfloat'
D:\DHMT\btlDHMT\GLSLExperiment\nhom6.cpp(281,52): warning C4305: 'argument': truncation from 'double' to 'const GLfloat'
D:\DHMT\btlDHMT\GLSLExperiment\nhom6.cpp(285,30): warning C4305: 'argument': truncation from 'double' to 'const GLfloat'
D:\DHMT\btlDHMT\GLSLExperiment\nhom6.cpp(285,54): warning C4305: 'argument': truncation from 'double' to 'const GLfloat'
D:\DHMT\btlDHMT\GLSLExperiment\nhom6.cpp(291,29): warning C4305: 'argument': truncation from 'double' to 'const GLfloat'
D:\DHMT\btlDHMT\GLSLExperiment\nhom6.cpp(303,29): warning C4305: 'argument': truncation from 'double' to 'const GLfloat'
D:\DHMT\btlDHMT\GLSLExperiment\nhom6.cpp(311,34): warning C4305: 'argument': truncation from 'double' to 'const GLfloat'
D:\DHMT\btlDHMT\GLSLExperiment\nhom6.cpp(311,56): warning C4305: 'argument': truncation from 'double' to 'const GLfloat'
D:\DHMT\btlDHMT\GLSLExperiment\nhom6.cpp(319,35): warning C4305: 'argument': truncation from 'double' to 'const GLfloat'
D:\DHMT\btlDHMT\GLSLExperiment\nhom6.cpp(319,57): warning C4305: 'argument': truncation from 'double' to 'const GLfloat'
D:\DHMT\btlDHMT\GLSLExperiment\nhom6.cpp(327,33): warning C4305: 'argument': truncation from 'double' to 'const GLfloat'
D:\DHMT\btlDHMT\GLSLExperiment\nhom6.cpp(327,56): warning C4305: 'argument': truncation from 'double' to 'const GLfloat'
D:\DHMT\btlDHMT\GLSLExperiment\nhom6.cpp(335,34): warning C4305: 'argument': truncation from 'double' to 'const GLfloat'
D:\DHMT\btlDHMT\GLSLExperiment\nhom6.cpp(335,57): warning C4305: 'argument': truncation from 'double' to 'const GLfloat'
D:\DHMT\btlDHMT\GLSLExperiment\nhom6.cpp(343,34): warning C4305: 'argument': truncation from 'double' to 'const GLfloat'
D:\DHMT\btlDHMT\GLSLExperiment\nhom6.cpp(343,57): warning C4305: 'argument': truncation from 'double' to 'const GLfloat'
D:\DHMT\btlDHMT\GLSLExperiment\nhom6.cpp(351,35): warning C4305: 'argument': truncation from 'double' to 'const GLfloat'
D:\DHMT\btlDHMT\GLSLExperiment\nhom6.cpp(351,59): warning C4305: 'argument': truncation from 'double' to 'const GLfloat'
D:\DHMT\btlDHMT\GLSLExperiment\nhom6.cpp(360,31): warning C4305: 'argument': truncation from 'double' to 'const GLfloat'
D:\DHMT\btlDHMT\GLSLExperiment\nhom6.cpp(368,36): warning C4305: 'argument': truncation from 'double' to 'const GLfloat'
D:\DHMT\btlDHMT\GLSLExperiment\nhom6.cpp(368,61): warning C4305: 'argument': truncation from 'double' to 'const GLfloat'
D:\DHMT\btlDHMT\GLSLExperiment\nhom6.cpp(377,31): warning C4305: 'argument': truncation from 'double' to 'const GLfloat'
D:\DHMT\btlDHMT\GLSLExperiment\nhom6.cpp(385,37): warning C4305: 'argument': truncation from 'double' to 'const GLfloat'
D:\DHMT\btlDHMT\GLSLExperiment\nhom6.cpp(385,60): warning C4305: 'argument': truncation from 'double' to 'const GLfloat'
D:\DHMT\btlDHMT\GLSLExperiment\nhom6.cpp(394,34): warning C4305: 'argument': truncation from 'double' to 'const GLfloat'
D:\DHMT\btlDHMT\GLSLExperiment\nhom6.cpp(394,57): warning C4305: 'argument': truncation from 'double' to 'const GLfloat'
D:\DHMT\btlDHMT\GLSLExperiment\nhom6.cpp(402,36): warning C4305: 'argument': truncation from 'double' to 'const GLfloat'
D:\DHMT\btlDHMT\GLSLExperiment\nhom6.cpp(402,59): warning C4305: 'argument': truncation from 'double' to 'const GLfloat'
D:\DHMT\btlDHMT\GLSLExperiment\nhom6.cpp(410,35): warning C4305: 'argument': truncation from 'double' to 'const GLfloat'
D:\DHMT\btlDHMT\GLSLExperiment\nhom6.cpp(410,58): warning C4305: 'argument': truncation from 'double' to 'const GLfloat'
D:\DHMT\btlDHMT\GLSLExperiment\nhom6.cpp(418,36): warning C4305: 'argument': truncation from 'double' to 'const GLfloat'
D:\DHMT\btlDHMT\GLSLExperiment\nhom6.cpp(418,60): warning C4305: 'argument': truncation from 'double' to 'const GLfloat'
D:\DHMT\btlDHMT\GLSLExperiment\nhom6.cpp(426,37): warning C4305: 'argument': truncation from 'double' to 'const GLfloat'
D:\DHMT\btlDHMT\GLSLExperiment\nhom6.cpp(426,60): warning C4305: 'argument': truncation from 'double' to 'const GLfloat'
D:\DHMT\btlDHMT\GLSLExperiment\nhom6.cpp(440,36): warning C4305: 'argument': truncation from 'double' to 'const GLfloat'
D:\DHMT\btlDHMT\GLSLExperiment\nhom6.cpp(440,90): warning C4305: 'argument': truncation from 'double' to 'const GLfloat'
D:\DHMT\btlDHMT\GLSLExperiment\nhom6.cpp(444,35): warning C4305: 'argument': truncation from 'double' to 'const GLfloat'
D:\DHMT\btlDHMT\GLSLExperiment\nhom6.cpp(444,90): warning C4305: 'argument': truncation from 'double' to 'const GLfloat'
D:\DHMT\btlDHMT\GLSLExperiment\nhom6.cpp(452,16): warning C4244: 'initializing': conversion from 'time_t' to 'GLfloat', possible loss of data
D:\DHMT\btlDHMT\GLSLExperiment\nhom6.cpp(453,17): warning C4244: 'initializing': conversion from 'time_t' to 'GLfloat', possible loss of data
D:\DHMT\btlDHMT\GLSLExperiment\nhom6.cpp(454,17): warning C4244: 'initializing': conversion from 'time_t' to 'GLfloat', possible loss of data
D:\DHMT\btlDHMT\GLSLExperiment\nhom6.cpp(462,34): warning C4305: 'argument': truncation from 'double' to 'const GLfloat'
D:\DHMT\btlDHMT\GLSLExperiment\nhom6.cpp(462,46): warning C4244: 'argument': conversion from 'int' to 'const GLfloat', possible loss of data
D:\DHMT\btlDHMT\GLSLExperiment\nhom6.cpp(462,73): warning C4305: 'argument': truncation from 'double' to 'const GLfloat'
D:\DHMT\btlDHMT\GLSLExperiment\nhom6.cpp(470,35): warning C4305: 'argument': truncation from 'double' to 'const GLfloat'
D:\DHMT\btlDHMT\GLSLExperiment\nhom6.cpp(470,77): warning C4305: 'argument': truncation from 'double' to 'const GLfloat'
D:\DHMT\btlDHMT\GLSLExperiment\nhom6.cpp(470,102): warning C4305: 'argument': truncation from 'double' to 'const GLfloat'
D:\DHMT\btlDHMT\GLSLExperiment\nhom6.cpp(477,35): warning C4305: 'argument': truncation from 'double' to 'const GLfloat'
D:\DHMT\btlDHMT\GLSLExperiment\nhom6.cpp(477,77): warning C4305: 'argument': truncation from 'double' to 'const GLfloat'
D:\DHMT\btlDHMT\GLSLExperiment\nhom6.cpp(477,102): warning C4305: 'argument': truncation from 'double' to 'const GLfloat'
D:\DHMT\btlDHMT\GLSLExperiment\nhom6.cpp(484,37): warning C4305: 'argument': truncation from 'double' to 'const GLfloat'
D:\DHMT\btlDHMT\GLSLExperiment\nhom6.cpp(484,79): warning C4305: 'argument': truncation from 'double' to 'const GLfloat'
D:\DHMT\btlDHMT\GLSLExperiment\nhom6.cpp(484,105): warning C4305: 'argument': truncation from 'double' to 'const GLfloat'
D:\DHMT\btlDHMT\GLSLExperiment\nhom6.cpp(508,26): warning C4305: 'argument': truncation from 'double' to 'const GLfloat'
D:\DHMT\btlDHMT\GLSLExperiment\nhom6.cpp(517,36): warning C4305: 'argument': truncation from 'double' to 'const GLfloat'
D:\DHMT\btlDHMT\GLSLExperiment\nhom6.cpp(517,59): warning C4305: 'argument': truncation from 'double' to 'const GLfloat'
D:\DHMT\btlDHMT\GLSLExperiment\nhom6.cpp(522,35): warning C4305: 'argument': truncation from 'double' to 'const GLfloat'
D:\DHMT\btlDHMT\GLSLExperiment\nhom6.cpp(522,58): warning C4305: 'argument': truncation from 'double' to 'const GLfloat'
D:\DHMT\btlDHMT\GLSLExperiment\nhom6.cpp(527,37): warning C4305: 'argument': truncation from 'double' to 'const GLfloat'
D:\DHMT\btlDHMT\GLSLExperiment\nhom6.cpp(527,60): warning C4305: 'argument': truncation from 'double' to 'const GLfloat'
D:\DHMT\btlDHMT\GLSLExperiment\nhom6.cpp(532,36): warning C4305: 'argument': truncation from 'double' to 'const GLfloat'
D:\DHMT\btlDHMT\GLSLExperiment\nhom6.cpp(532,59): warning C4305: 'argument': truncation from 'double' to 'const GLfloat'
D:\DHMT\btlDHMT\GLSLExperiment\nhom6.cpp(540,67): warning C4305: 'argument': truncation from 'double' to 'const GLfloat'
D:\DHMT\btlDHMT\GLSLExperiment\nhom6.cpp(540,90): warning C4305: 'argument': truncation from 'double' to 'const GLfloat'
D:\DHMT\btlDHMT\GLSLExperiment\nhom6.cpp(548,76): warning C4305: 'argument': truncation from 'double' to 'const GLfloat'
D:\DHMT\btlDHMT\GLSLExperiment\nhom6.cpp(561,27): warning C4305: 'argument': truncation from 'double' to 'const GLfloat'
D:\DHMT\btlDHMT\GLSLExperiment\nhom6.cpp(569,51): warning C4305: 'argument': truncation from 'double' to 'const GLfloat'
D:\DHMT\btlDHMT\GLSLExperiment\nhom6.cpp(576,35): warning C4305: 'argument': truncation from 'double' to 'const GLfloat'
D:\DHMT\btlDHMT\GLSLExperiment\nhom6.cpp(576,100): warning C4305: 'argument': truncation from 'double' to 'const GLfloat'
D:\DHMT\btlDHMT\GLSLExperiment\nhom6.cpp(582,76): warning C4305: 'argument': truncation from 'double' to 'const GLfloat'
D:\DHMT\btlDHMT\GLSLExperiment\nhom6.cpp(585,28): warning C4305: 'argument': truncation from 'double' to 'GLfloat'
D:\DHMT\btlDHMT\GLSLExperiment\nhom6.cpp(586,29): warning C4305: 'argument': truncation from 'double' to 'GLfloat'
D:\DHMT\btlDHMT\GLSLExperiment\nhom6.cpp(587,30): warning C4305: 'argument': truncation from 'double' to 'GLfloat'
D:\DHMT\btlDHMT\GLSLExperiment\nhom6.cpp(588,29): warning C4305: 'argument': truncation from 'double' to 'GLfloat'
D:\DHMT\btlDHMT\GLSLExperiment\nhom6.cpp(596,25): warning C4305: 'argument': truncation from 'double' to 'const GLfloat'
D:\DHMT\btlDHMT\GLSLExperiment\nhom6.cpp(604,49): warning C4305: 'argument': truncation from 'double' to 'const GLfloat'
D:\DHMT\btlDHMT\GLSLExperiment\nhom6.cpp(612,31): warning C4305: 'argument': truncation from 'double' to 'const GLfloat'
D:\DHMT\btlDHMT\GLSLExperiment\nhom6.cpp(612,52): warning C4305: 'argument': truncation from 'double' to 'const GLfloat'
D:\DHMT\btlDHMT\GLSLExperiment\nhom6.cpp(616,32): warning C4305: 'argument': truncation from 'double' to 'const GLfloat'
D:\DHMT\btlDHMT\GLSLExperiment\nhom6.cpp(616,53): warning C4305: 'argument': truncation from 'double' to 'const GLfloat'
D:\DHMT\btlDHMT\GLSLExperiment\nhom6.cpp(623,31): warning C4305: 'argument': truncation from 'double' to 'const GLfloat'
D:\DHMT\btlDHMT\GLSLExperiment\nhom6.cpp(626,28): warning C4305: 'argument': truncation from 'double' to 'GLfloat'
D:\DHMT\btlDHMT\GLSLExperiment\nhom6.cpp(627,29): warning C4305: 'argument': truncation from 'double' to 'GLfloat'
D:\DHMT\btlDHMT\GLSLExperiment\nhom6.cpp(628,30): warning C4305: 'argument': truncation from 'double' to 'GLfloat'
D:\DHMT\btlDHMT\GLSLExperiment\nhom6.cpp(629,29): warning C4305: 'argument': truncation from 'double' to 'GLfloat'
D:\DHMT\btlDHMT\GLSLExperiment\nhom6.cpp(635,29): warning C4305: 'argument': truncation from 'double' to 'const GLfloat'
D:\DHMT\btlDHMT\GLSLExperiment\nhom6.cpp(635,52): warning C4305: 'argument': truncation from 'double' to 'const GLfloat'
D:\DHMT\btlDHMT\GLSLExperiment\nhom6.cpp(645,18): warning C4244: 'argument': conversion from 'int' to 'const GLfloat', possible loss of data
D:\DHMT\btlDHMT\GLSLExperiment\nhom6.cpp(645,45): warning C4305: 'argument': truncation from 'double' to 'const GLfloat'
D:\DHMT\btlDHMT\GLSLExperiment\nhom6.cpp(655,42): warning C4305: 'argument': truncation from 'double' to 'const GLfloat'
D:\DHMT\btlDHMT\GLSLExperiment\nhom6.cpp(655,54): warning C4244: 'argument': conversion from 'int' to 'const GLfloat', possible loss of data
D:\DHMT\btlDHMT\GLSLExperiment\nhom6.cpp(655,81): warning C4305: 'argument': truncation from 'double' to 'const GLfloat'
D:\DHMT\btlDHMT\GLSLExperiment\nhom6.cpp(661,42): warning C4305: 'argument': truncation from 'double' to 'const GLfloat'
D:\DHMT\btlDHMT\GLSLExperiment\nhom6.cpp(661,67): warning C4305: 'argument': truncation from 'double' to 'const GLfloat'
D:\DHMT\btlDHMT\GLSLExperiment\nhom6.cpp(669,28): warning C4305: 'argument': truncation from 'double' to 'const GLfloat'
D:\DHMT\btlDHMT\GLSLExperiment\nhom6.cpp(685,28): warning C4305: 'argument': truncation from 'double' to 'const GLfloat'
D:\DHMT\btlDHMT\GLSLExperiment\nhom6.cpp(685,64): warning C4305: 'argument': truncation from 'double' to 'const GLfloat'
D:\DHMT\btlDHMT\GLSLExperiment\nhom6.cpp(685,92): warning C4305: 'argument': truncation from 'double' to 'const GLfloat'
D:\DHMT\btlDHMT\GLSLExperiment\nhom6.cpp(689,29): warning C4305: 'argument': truncation from 'double' to 'const GLfloat'
D:\DHMT\btlDHMT\GLSLExperiment\nhom6.cpp(689,62): warning C4244: 'argument': conversion from 'double' to 'const GLfloat', possible loss of data
D:\DHMT\btlDHMT\GLSLExperiment\nhom6.cpp(689,50): warning C4244: 'argument': conversion from 'double' to 'const GLfloat', possible loss of data
D:\DHMT\btlDHMT\GLSLExperiment\nhom6.cpp(689,117): warning C4305: 'argument': truncation from 'double' to 'const GLfloat'
D:\DHMT\btlDHMT\GLSLExperiment\nhom6.cpp(689,91): warning C4244: 'argument': conversion from 'double' to 'const GLfloat', possible loss of data
D:\DHMT\btlDHMT\GLSLExperiment\nhom6.cpp(695,29): warning C4305: 'argument': truncation from 'double' to 'const GLfloat'
D:\DHMT\btlDHMT\GLSLExperiment\nhom6.cpp(695,62): warning C4244: 'argument': conversion from 'double' to 'const GLfloat', possible loss of data
D:\DHMT\btlDHMT\GLSLExperiment\nhom6.cpp(695,50): warning C4244: 'argument': conversion from 'double' to 'const GLfloat', possible loss of data
D:\DHMT\btlDHMT\GLSLExperiment\nhom6.cpp(695,117): warning C4305: 'argument': truncation from 'double' to 'const GLfloat'
D:\DHMT\btlDHMT\GLSLExperiment\nhom6.cpp(695,91): warning C4244: 'argument': conversion from 'double' to 'const GLfloat', possible loss of data
D:\DHMT\btlDHMT\GLSLExperiment\nhom6.cpp(702,29): warning C4305: 'argument': truncation from 'double' to 'const GLfloat'
D:\DHMT\btlDHMT\GLSLExperiment\nhom6.cpp(702,62): warning C4244: 'argument': conversion from 'double' to 'const GLfloat', possible loss of data
D:\DHMT\btlDHMT\GLSLExperiment\nhom6.cpp(702,50): warning C4244: 'argument': conversion from 'double' to 'const GLfloat', possible loss of data
D:\DHMT\btlDHMT\GLSLExperiment\nhom6.cpp(702,117): warning C4305: 'argument': truncation from 'double' to 'const GLfloat'
D:\DHMT\btlDHMT\GLSLExperiment\nhom6.cpp(702,91): warning C4244: 'argument': conversion from 'double' to 'const GLfloat', possible loss of data
D:\DHMT\btlDHMT\GLSLExperiment\nhom6.cpp(711,26): warning C4305: 'argument': truncation from 'double' to 'GLfloat'
D:\DHMT\btlDHMT\GLSLExperiment\nhom6.cpp(712,27): warning C4305: 'argument': truncation from 'double' to 'GLfloat'
D:\DHMT\btlDHMT\GLSLExperiment\nhom6.cpp(713,28): warning C4305: 'argument': truncation from 'double' to 'GLfloat'
D:\DHMT\btlDHMT\GLSLExperiment\nhom6.cpp(715,28): warning C4305: 'argument': truncation from 'double' to 'const GLfloat'
D:\DHMT\btlDHMT\GLSLExperiment\nhom6.cpp(715,58): warning C4305: 'argument': truncation from 'double' to 'const GLfloat'
D:\DHMT\btlDHMT\GLSLExperiment\nhom6.cpp(715,107): warning C4305: 'argument': truncation from 'double' to 'const GLfloat'
D:\DHMT\btlDHMT\GLSLExperiment\nhom6.cpp(715,133): warning C4305: 'argument': truncation from 'double' to 'const GLfloat'
D:\DHMT\btlDHMT\GLSLExperiment\nhom6.cpp(718,28): warning C4305: 'argument': truncation from 'double' to 'const GLfloat'
D:\DHMT\btlDHMT\GLSLExperiment\nhom6.cpp(718,60): warning C4305: 'argument': truncation from 'double' to 'const GLfloat'
D:\DHMT\btlDHMT\GLSLExperiment\nhom6.cpp(718,86): warning C4305: 'argument': truncation from 'double' to 'const GLfloat'
D:\DHMT\btlDHMT\GLSLExperiment\nhom6.cpp(737,13): warning C4305: '+=': truncation from 'double' to 'GLfloat'
D:\DHMT\btlDHMT\GLSLExperiment\nhom6.cpp(743,13): warning C4305: '-=': truncation from 'double' to 'GLfloat'
D:\DHMT\btlDHMT\GLSLExperiment\nhom6.cpp(771,37): warning C4305: 'argument': truncation from 'double' to 'const GLfloat'
D:\DHMT\btlDHMT\GLSLExperiment\nhom6.cpp(774,28): warning C4305: 'argument': truncation from 'double' to 'const GLfloat'
D:\DHMT\btlDHMT\GLSLExperiment\nhom6.cpp(810,20): warning C4305: '=': truncation from 'double' to 'GLfloat'
D:\DHMT\btlDHMT\GLSLExperiment\nhom6.cpp(822,24): warning C4305: '-=': truncation from 'double' to 'GLfloat'
D:\DHMT\btlDHMT\GLSLExperiment\nhom6.cpp(828,24): warning C4305: '+=': truncation from 'double' to 'GLfloat'
D:\DHMT\btlDHMT\GLSLExperiment\nhom6.cpp(835,24): warning C4305: '-=': truncation from 'double' to 'GLfloat'
D:\DHMT\btlDHMT\GLSLExperiment\nhom6.cpp(841,24): warning C4305: '+=': truncation from 'double' to 'GLfloat'
D:\DHMT\btlDHMT\GLSLExperiment\nhom6.cpp(848,28): warning C4305: '-=': truncation from 'double' to 'GLfloat'
D:\DHMT\btlDHMT\GLSLExperiment\nhom6.cpp(853,28): warning C4305: '+=': truncation from 'double' to 'GLfloat'
D:\DHMT\btlDHMT\GLSLExperiment\nhom6.cpp(859,24): warning C4305: '+=': truncation from 'double' to 'GLfloat'
D:\DHMT\btlDHMT\GLSLExperiment\nhom6.cpp(864,24): warning C4305: '-=': truncation from 'double' to 'GLfloat'
D:\DHMT\btlDHMT\GLSLExperiment\nhom6.cpp(870,24): warning C4305: '+=': truncation from 'double' to 'GLfloat'
D:\DHMT\btlDHMT\GLSLExperiment\nhom6.cpp(875,24): warning C4305: '-=': truncation from 'double' to 'GLfloat'
D:\DHMT\btlDHMT\GLSLExperiment\nhom6.cpp(917,24): warning C4305: '-=': truncation from 'double' to 'GLfloat'
D:\DHMT\btlDHMT\GLSLExperiment\nhom6.cpp(922,24): warning C4305: '+=': truncation from 'double' to 'GLfloat'
D:\DHMT\btlDHMT\GLSLExperiment\nhom6.cpp(927,24): warning C4305: '-=': truncation from 'double' to 'GLfloat'
D:\DHMT\btlDHMT\GLSLExperiment\nhom6.cpp(932,24): warning C4305: '+=': truncation from 'double' to 'GLfloat'
D:\DHMT\btlDHMT\GLSLExperiment\nhom6.cpp(975,27): warning C4305: '-=': truncation from 'double' to 'GLfloat'
D:\DHMT\btlDHMT\GLSLExperiment\nhom6.cpp(977,27): warning C4305: '=': truncation from 'double' to 'GLfloat'
D:\DHMT\btlDHMT\GLSLExperiment\nhom6.cpp(981,27): warning C4305: '+=': truncation from 'double' to 'GLfloat'
D:\DHMT\btlDHMT\GLSLExperiment\nhom6.cpp(1000,24): warning C4305: '=': truncation from 'double' to 'float'
D:\DHMT\btlDHMT\GLSLExperiment\nhom6.cpp(1004,23): warning C4305: '=': truncation from 'double' to 'float'
D:\DHMT\btlDHMT\GLSLExperiment\nhom6.cpp(1012,15): warning C4305: '-=': truncation from 'double' to 'GLfloat'
D:\DHMT\btlDHMT\GLSLExperiment\nhom6.cpp(1013,15): warning C4305: '+=': truncation from 'double' to 'GLfloat'
D:\DHMT\btlDHMT\GLSLExperiment\nhom6.cpp(1016,15): warning C4305: '+=': truncation from 'double' to 'GLfloat'
D:\DHMT\btlDHMT\GLSLExperiment\nhom6.cpp(1017,15): warning C4305: '+=': truncation from 'double' to 'GLfloat'
D:\DHMT\btlDHMT\GLSLExperiment\nhom6.cpp(1020,15): warning C4305: '+=': truncation from 'double' to 'GLfloat'
D:\DHMT\btlDHMT\GLSLExperiment\nhom6.cpp(1021,15): warning C4305: '-=': truncation from 'double' to 'GLfloat'
D:\DHMT\btlDHMT\GLSLExperiment\nhom6.cpp(1024,15): warning C4305: '-=': truncation from 'double' to 'GLfloat'
D:\DHMT\btlDHMT\GLSLExperiment\nhom6.cpp(1025,15): warning C4305: '-=': truncation from 'double' to 'GLfloat'
D:\DHMT\btlDHMT\GLSLExperiment\nhom6.cpp(1034,15): warning C4305: '+=': truncation from 'double' to 'GLfloat'
D:\DHMT\btlDHMT\GLSLExperiment\nhom6.cpp(1035,15): warning C4305: '+=': truncation from 'double' to 'GLfloat'
D:\DHMT\btlDHMT\GLSLExperiment\nhom6.cpp(1038,15): warning C4305: '-=': truncation from 'double' to 'GLfloat'
D:\DHMT\btlDHMT\GLSLExperiment\nhom6.cpp(1039,15): warning C4305: '+=': truncation from 'double' to 'GLfloat'
D:\DHMT\btlDHMT\GLSLExperiment\nhom6.cpp(1042,15): warning C4305: '-=': truncation from 'double' to 'GLfloat'
D:\DHMT\btlDHMT\GLSLExperiment\nhom6.cpp(1043,15): warning C4305: '-=': truncation from 'double' to 'GLfloat'
D:\DHMT\btlDHMT\GLSLExperiment\nhom6.cpp(1046,15): warning C4305: '+=': truncation from 'double' to 'GLfloat'
D:\DHMT\btlDHMT\GLSLExperiment\nhom6.cpp(1047,15): warning C4305: '-=': truncation from 'double' to 'GLfloat'
  Generating Code...
nhom6.obj : warning LNK4075: ignoring '/EDITANDCONTINUE' due to '/SAFESEH' specification
  GLSLExperiment.vcxproj -> D:\DHMT\btlDHMT\Debug\GLSLExperiment.exe
